This is pdfTeX, Version 3.14159265-2.6-1.40.20 (MiKTeX 2.9.7050) (preloaded format=pdflatex 2019.9.11)  15 SEP 2019 01:14
entering extended mode
**./registro.tex
(registro.tex
LaTeX2e <2018-12-01>
(registro.cls

LaTeX Warning: You have requested document class `registro',
               but the document class provides `asme2e'.

Document Class: asme2e 2001/2/14 v2.0 Standard LaTeX document class
(/home/felipe/.miktex/texmfs/install/tex/latex/base/ifthen.sty
Package: ifthen 2014/09/29 v1.1c Standard LaTeX ifthen package (DPC)
)
(/home/felipe/.miktex/texmfs/install/tex/latex/psnfss/times.sty
Package: times 2005/04/12 PSNFSS-v9.2a (SPQR) 
)
(/home/felipe/.miktex/texmfs/install/tex/latex/psnfss/mathptm.sty
Package: mathptm 2005/04/12 PSNFSS-v9.2a Times w/ Math (SPQR, WaS) 


Package mathptm Warning: This package is to be regarded as obsolete.
(mathptm)                See the PSNFSS documentation.

LaTeX Font Info:    Redeclaring symbol font `operators' on input line 31.
LaTeX Font Info:    Overwriting symbol font `operators' in version `normal'
(Font)                  OT1/cmr/m/n --> OT1/ptmcm/m/n on input line 31.
LaTeX Font Info:    Overwriting symbol font `operators' in version `bold'
(Font)                  OT1/cmr/bx/n --> OT1/ptmcm/m/n on input line 31.
LaTeX Font Info:    Redeclaring symbol font `letters' on input line 32.
LaTeX Font Info:    Overwriting symbol font `letters' in version `normal'
(Font)                  OML/cmm/m/it --> OML/ptmcm/m/it on input line 32.
LaTeX Font Info:    Overwriting symbol font `letters' in version `bold'
(Font)                  OML/cmm/b/it --> OML/ptmcm/m/it on input line 32.
LaTeX Font Info:    Redeclaring symbol font `symbols' on input line 33.
LaTeX Font Info:    Overwriting symbol font `symbols' in version `normal'
(Font)                  OMS/cmsy/m/n --> OMS/pzccm/m/n on input line 33.
LaTeX Font Info:    Overwriting symbol font `symbols' in version `bold'
(Font)                  OMS/cmsy/b/n --> OMS/pzccm/m/n on input line 33.
LaTeX Font Info:    Redeclaring symbol font `largesymbols' on input line 34.
LaTeX Font Info:    Overwriting symbol font `largesymbols' in version `normal'
(Font)                  OMX/cmex/m/n --> OMX/psycm/m/n on input line 34.
LaTeX Font Info:    Overwriting symbol font `largesymbols' in version `bold'
(Font)                  OMX/cmex/m/n --> OMX/psycm/m/n on input line 34.
\symbold=\mathgroup4
\symitalic=\mathgroup5
LaTeX Font Info:    Redeclaring math alphabet \mathbf on input line 37.
LaTeX Font Info:    Overwriting math alphabet `\mathbf' in version `normal'
(Font)                  OT1/cmr/bx/n --> OT1/ptm/bx/n on input line 37.
LaTeX Font Info:    Overwriting math alphabet `\mathbf' in version `bold'
(Font)                  OT1/cmr/bx/n --> OT1/ptm/bx/n on input line 37.
LaTeX Font Info:    Redeclaring math alphabet \mathit on input line 38.
LaTeX Font Info:    Overwriting math alphabet `\mathit' in version `normal'
(Font)                  OT1/cmr/m/it --> OT1/ptm/m/it on input line 38.
LaTeX Font Info:    Overwriting math alphabet `\mathit' in version `bold'
(Font)                  OT1/cmr/bx/it --> OT1/ptm/m/it on input line 38.
) (/home/felipe/.miktex/texmfs/install/tex/generic/oberdiek/ifpdf.sty
Package: ifpdf 2018/09/07 v3.3 Provides the ifpdf switch
)
Ten Point
LaTeX Font Info:    Try loading font information for OT1+phv on input line 301.

(/home/felipe/.miktex/texmfs/install/tex/latex/psnfss/ot1phv.fd
File: ot1phv.fd 2001/06/04 scalable font definitions for OT1/phv.
)
\c@part=\count80
\c@section=\count81
\c@subsection=\count82
\c@subsubsection=\count83
\c@paragraph=\count84
\c@subparagraph=\count85
\tempbox=\box27
\c@figure=\count86
\c@table=\count87
\@authcnt=\count88
\@tmpcnt=\count89
\bibindent=\dimen102
\tempbox=\box28
\minute=\count90
\hour=\count91
)
(/home/felipe/.miktex/texmfs/install/tex/latex/graphics/epsfig.sty
Package: epsfig 2017/06/25 v1.7b (e)psfig emulation (SPQR)

(/home/felipe/.miktex/texmfs/install/tex/latex/graphics/graphicx.sty
Package: graphicx 2017/06/01 v1.1a Enhanced LaTeX Graphics (DPC,SPQR)

(/home/felipe/.miktex/texmfs/install/tex/latex/graphics/keyval.sty
Package: keyval 2014/10/28 v1.15 key=value parser (DPC)
\KV@toks@=\toks14
)
(/home/felipe/.miktex/texmfs/install/tex/latex/graphics/graphics.sty
Package: graphics 2017/06/25 v1.2c Standard LaTeX Graphics (DPC,SPQR)

(/home/felipe/.miktex/texmfs/install/tex/latex/graphics/trig.sty
Package: trig 2016/01/03 v1.10 sin cos tan (DPC)
)
(/home/felipe/.miktex/texmfs/install/tex/latex/graphics-cfg/graphics.cfg
File: graphics.cfg 2016/06/04 v1.11 sample graphics configuration
)
Package graphics Info: Driver file: pdftex.def on input line 99.

(/home/felipe/.miktex/texmfs/install/tex/latex/graphics-def/pdftex.def
File: pdftex.def 2018/01/08 v1.0l Graphics/color driver for pdftex
))
\Gin@req@height=\dimen103
\Gin@req@width=\dimen104
)
\epsfxsize=\dimen105
\epsfysize=\dimen106
)
(registro.aux)
\openout1 = `registro.aux'.

LaTeX Font Info:    Checking defaults for OML/cmm/m/it on input line 62.
LaTeX Font Info:    ... okay on input line 62.
LaTeX Font Info:    Checking defaults for T1/cmr/m/n on input line 62.
LaTeX Font Info:    ... okay on input line 62.
LaTeX Font Info:    Checking defaults for OT1/cmr/m/n on input line 62.
LaTeX Font Info:    ... okay on input line 62.
LaTeX Font Info:    Checking defaults for OMS/cmsy/m/n on input line 62.
LaTeX Font Info:    ... okay on input line 62.
LaTeX Font Info:    Checking defaults for OMX/cmex/m/n on input line 62.
LaTeX Font Info:    ... okay on input line 62.
LaTeX Font Info:    Checking defaults for U/cmr/m/n on input line 62.
LaTeX Font Info:    ... okay on input line 62.
LaTeX Font Info:    Try loading font information for OT1+ptm on input line 62.
 (/home/felipe/.miktex/texmfs/install/tex/latex/psnfss/ot1ptm.fd
File: ot1ptm.fd 2001/06/04 font definitions for OT1/ptm.
)
\big@size=\dimen107
(/home/felipe/.miktex/texmfs/install/tex/context/base/mkii/supp-pdf.mkii
[Loading MPS to PDF converter (version 2006.09.02).]
\scratchcounter=\count92
\scratchdimen=\dimen108
\scratchbox=\box29
\nofMPsegments=\count93
\nofMParguments=\count94
\everyMPshowfont=\toks15
\MPscratchCnt=\count95
\MPscratchDim=\dimen109
\MPnumerator=\count96
\makeMPintoPDFobject=\count97
\everyMPtoPDFconversion=\toks16
) (/home/felipe/.miktex/texmfs/install/tex/latex/oberdiek/epstopdf-base.sty
Package: epstopdf-base 2016/05/15 v2.6 Base part for package epstopdf

(/home/felipe/.miktex/texmfs/install/tex/generic/oberdiek/infwarerr.sty
Package: infwarerr 2016/05/16 v1.4 Providing info/warning/error messages (HO)
)
(/home/felipe/.miktex/texmfs/install/tex/latex/oberdiek/grfext.sty
Package: grfext 2016/05/16 v1.2 Manage graphics extensions (HO)

(/home/felipe/.miktex/texmfs/install/tex/generic/oberdiek/kvdefinekeys.sty
Package: kvdefinekeys 2016/05/16 v1.4 Define keys (HO)

(/home/felipe/.miktex/texmfs/install/tex/generic/oberdiek/ltxcmds.sty
Package: ltxcmds 2016/05/16 v1.23 LaTeX kernel commands for general use (HO)
)))
(/home/felipe/.miktex/texmfs/install/tex/latex/oberdiek/kvoptions.sty
Package: kvoptions 2016/05/16 v3.12 Key value format for package options (HO)

(/home/felipe/.miktex/texmfs/install/tex/generic/oberdiek/kvsetkeys.sty
Package: kvsetkeys 2016/05/16 v1.17 Key value parser (HO)

(/home/felipe/.miktex/texmfs/install/tex/generic/oberdiek/etexcmds.sty
Package: etexcmds 2016/05/16 v1.6 Avoid name clashes with e-TeX commands (HO)

(/home/felipe/.miktex/texmfs/install/tex/generic/oberdiek/ifluatex.sty
Package: ifluatex 2016/05/16 v1.4 Provides the ifluatex switch (HO)
Package ifluatex Info: LuaTeX not detected.
))))
(/home/felipe/.miktex/texmfs/install/tex/generic/oberdiek/pdftexcmds.sty
Package: pdftexcmds 2019/07/25 v0.30 Utility functions of pdfTeX for LuaTeX (HO
)
Package pdftexcmds Info: LuaTeX not detected.
Package pdftexcmds Info: \pdf@primitive is available.
Package pdftexcmds Info: \pdf@ifprimitive is available.
Package pdftexcmds Info: \pdfdraftmode found.
)
Package epstopdf-base Info: Redefining graphics rule for `.eps' on input line 4
38.
Package grfext Info: Graphics extension search list:
(grfext)             [.pdf,.png,.jpg,.mps,.jpeg,.jbig2,.jb2,.PDF,.PNG,.JPG,.JPE
G,.JBIG2,.JB2,.eps]
(grfext)             \AppendGraphicsExtensions on input line 456.
)
LaTeX Font Info:    Try loading font information for OT1+ptmcm on input line 64
.

(/home/felipe/.miktex/texmfs/install/tex/latex/psnfss/ot1ptmcm.fd
File: ot1ptmcm.fd 2000/01/03 Fontinst v1.801 font definitions for OT1/ptmcm.
)
LaTeX Font Info:    Try loading font information for OML+ptmcm on input line 64
.

(/home/felipe/.miktex/texmfs/install/tex/latex/psnfss/omlptmcm.fd
File: omlptmcm.fd 2000/01/03 Fontinst v1.801 font definitions for OML/ptmcm.
)
LaTeX Font Info:    Try loading font information for OMS+pzccm on input line 64
.

(/home/felipe/.miktex/texmfs/install/tex/latex/psnfss/omspzccm.fd
File: omspzccm.fd 2000/01/03 Fontinst v1.801 font definitions for OMS/pzccm.
)
LaTeX Font Info:    Try loading font information for OMX+psycm on input line 64
.

(/home/felipe/.miktex/texmfs/install/tex/latex/psnfss/omxpsycm.fd
File: omxpsycm.fd 2000/01/03 Fontinst v1.801 font definitions for OMX/psycm.
)
LaTeX Font Info:    Font shape `OT1/ptm/bx/n' in size <10> not available
(Font)              Font shape `OT1/ptm/b/n' tried instead on input line 64.
LaTeX Font Info:    Font shape `OT1/ptm/bx/n' in size <7.4> not available
(Font)              Font shape `OT1/ptm/b/n' tried instead on input line 64.
LaTeX Font Info:    Font shape `OT1/ptm/bx/n' in size <6> not available
(Font)              Font shape `OT1/ptm/b/n' tried instead on input line 64.

Underfull \hbox (badness 10000) detected at line 64
[]
 []


Underfull \hbox (badness 1028) in paragraph at lines 67--72
\OT1/ptm/m/it/10 to solve with pure analytical methodologies. There is
 []

[1{/home/felipe/.miktex/texmfs/data/pdftex/config/pdftex.map}


]
LaTeX Font Info:    Font shape `OT1/ptm/bx/n' in size <8> not available
(Font)              Font shape `OT1/ptm/b/n' tried instead on input line 122.
LaTeX Font Info:    Font shape `OT1/ptm/bx/n' in size <5> not available
(Font)              Font shape `OT1/ptm/b/n' tried instead on input line 122.

Underfull \hbox (badness 1122) in paragraph at lines 141--142
[]\OT1/ptm/m/n/10 All figures should be positioned at the top of the
 []

Package epstopdf Info: Source file: <images/FMANU_MD_05_1107_11.eps>
(epstopdf)                    date: 2019-09-10 18:10:12
(epstopdf)                    size: 5610418 bytes
(epstopdf)             Output file: <images/FMANU_MD_05_1107_11-eps-converted-t
o.pdf>
(epstopdf)                    date: 2019-09-12 00:17:43
(epstopdf)                    size: 197568 bytes
(epstopdf)             Command: <epstopdf --outfile=images/FMANU_MD_05_1107_11-
eps-converted-to.pdf images/FMANU_MD_05_1107_11.eps>
(epstopdf)             \includegraphics on input line 169.
Package epstopdf Info: Output file is already uptodate.


pdfTeX warning: pdflatex (file ./images/FMANU_MD_05_1107_11-eps-converted-to.pd
f): PDF inclusion: found PDF version <1.7>, but at most version <1.5> allowed
<images/FMANU_MD_05_1107_11-eps-converted-to.pdf, id=13, 1353.055pt x 2095.83pt
>
File: images/FMANU_MD_05_1107_11-eps-converted-to.pdf Graphic file (type pdf)
<use images/FMANU_MD_05_1107_11-eps-converted-to.pdf>
Package pdftex.def Info: images/FMANU_MD_05_1107_11-eps-converted-to.pdf  used 
on input line 169.
(pdftex.def)             Requested size: 241.38153pt x 373.87524pt.
Package epstopdf Info: Source file: <images/FMANU_MD_05_1272_5.eps>
(epstopdf)                    date: 2019-09-10 18:10:12
(epstopdf)                    size: 1275054 bytes
(epstopdf)             Output file: <images/FMANU_MD_05_1272_5-eps-converted-to
.pdf>
(epstopdf)                    date: 2019-09-12 00:17:44
(epstopdf)                    size: 121349 bytes
(epstopdf)             Command: <epstopdf --outfile=images/FMANU_MD_05_1272_5-e
ps-converted-to.pdf images/FMANU_MD_05_1272_5.eps>
(epstopdf)             \includegraphics on input line 191.
Package epstopdf Info: Output file is already uptodate.


pdfTeX warning: pdflatex (file ./images/FMANU_MD_05_1272_5-eps-converted-to.pdf
): PDF inclusion: found PDF version <1.7>, but at most version <1.5> allowed
<images/FMANU_MD_05_1272_5-eps-converted-to.pdf, id=14, 235.88126pt x 217.81375
pt>
File: images/FMANU_MD_05_1272_5-eps-converted-to.pdf Graphic file (type pdf)
<use images/FMANU_MD_05_1272_5-eps-converted-to.pdf>
Package pdftex.def Info: images/FMANU_MD_05_1272_5-eps-converted-to.pdf  used o
n input line 191.
(pdftex.def)             Requested size: 241.38153pt x 222.89493pt.
[2 <./images/FMANU_MD_05_1107_11-eps-converted-to.pdf>]
Package epstopdf Info: Source file: <images/FMANU_MD_04_1274_13.eps>
(epstopdf)                    date: 2019-09-10 18:10:12
(epstopdf)                    size: 5172261 bytes
(epstopdf)             Output file: <images/FMANU_MD_04_1274_13-eps-converted-t
o.pdf>
(epstopdf)                    date: 2019-09-12 00:17:50
(epstopdf)                    size: 129828 bytes
(epstopdf)             Command: <epstopdf --outfile=images/FMANU_MD_04_1274_13-
eps-converted-to.pdf images/FMANU_MD_04_1274_13.eps>
(epstopdf)             \includegraphics on input line 208.
Package epstopdf Info: Output file is already uptodate.


pdfTeX warning: pdflatex (file ./images/FMANU_MD_04_1274_13-eps-converted-to.pd
f): PDF inclusion: found PDF version <1.7>, but at most version <1.5> allowed
<images/FMANU_MD_04_1274_13-eps-converted-to.pdf, id=22, 227.85126pt x 170.6375
pt>
File: images/FMANU_MD_04_1274_13-eps-converted-to.pdf Graphic file (type pdf)
<use images/FMANU_MD_04_1274_13-eps-converted-to.pdf>
Package pdftex.def Info: images/FMANU_MD_04_1274_13-eps-converted-to.pdf  used 
on input line 208.
(pdftex.def)             Requested size: 234.87749pt x 175.90437pt.
Package epstopdf Info: Source file: <images/FMANU_MD_04_1274_13.eps>
(epstopdf)                    date: 2019-09-10 18:10:12
(epstopdf)                    size: 5172261 bytes
(epstopdf)             Output file: <images/FMANU_MD_04_1274_13-eps-converted-t
o.pdf>
(epstopdf)                    date: 2019-09-12 00:17:50
(epstopdf)                    size: 129828 bytes
(epstopdf)             Command: <epstopdf --outfile=images/FMANU_MD_04_1274_13-
eps-converted-to.pdf images/FMANU_MD_04_1274_13.eps>
(epstopdf)             \includegraphics on input line 217.
Package epstopdf Info: Output file is already uptodate.
File: images/FMANU_MD_04_1274_13-eps-converted-to.pdf Graphic file (type pdf)
<use images/FMANU_MD_04_1274_13-eps-converted-to.pdf>
Package pdftex.def Info: images/FMANU_MD_04_1274_13-eps-converted-to.pdf  used 
on input line 217.
(pdftex.def)             Requested size: 495.04993pt x 370.75339pt.

Underfull \hbox (badness 2717) in paragraph at lines 255--256
[]\OT1/ptm/m/n/10 All tables should be numbered consecutively and
 []

LaTeX Font Info:    Try loading font information for OT1+pcr on input line 270.

(/home/felipe/.miktex/texmfs/install/tex/latex/psnfss/ot1pcr.fd
File: ot1pcr.fd 2001/06/04 font definitions for OT1/pcr.
)
Underfull \hbox (badness 2401) in paragraph at lines 270--271
[]\OT1/ptm/m/n/10 The bibliography style required by the ASME is
 []


Underfull \hbox (badness 1242) in paragraph at lines 272--273
\OT1/ptm/m/n/10 in the bibliography .bst style file to a .bbl file which
 []

[3 <./images/FMANU_MD_05_1272_5-eps-converted-to.pdf> <./images/FMANU_MD_04_127
4_13-eps-converted-to.pdf>]
Underfull \hbox (badness 2065) in paragraph at lines 305--306
[]\OT1/ptm/m/n/10 ASME Technical Publications provided the format
 []

[4] (registro.bbl
Underfull \hbox (badness 1817) in paragraph at lines 4--8
[]\OT1/ptm/m/n/10 ASME, 2003.  \OT1/ptm/m/it/10 ASME Manual MS-4, An ASME
 []


Underfull \hbox (badness 6542) in paragraph at lines 4--8
\OT1/ptm/m/it/10 Paper\OT1/ptm/m/n/10 , latest ed.  The American Society of
 []

)
Underfull \vbox (badness 10000) has occurred while \output is active []

 [5]
(registro.aux) ) 
Here is how much of TeX's memory you used:
 1863 strings out of 494857
 27116 string characters out of 3178172
 89196 words of memory out of 3000000
 5464 multiletter control sequences out of 15000+200000
 42127 words of font info for 83 fonts, out of 3000000 for 9000
 0 hyphenation exceptions out of 8191
 41i,10n,25p,1241b,278s stack positions out of 5000i,500n,10000p,200000b,50000s
{/home/felipe/.miktex/texmfs/install/fonts/enc/dvips/base/8r.en
c}</home/felipe/.miktex/texmfs/install/fonts/type1/public/amsfonts/cmextra/cmex
9.pfb></home/felipe/.miktex/texmfs/install/fonts/type1/public/amsfonts/cm/cmmi1
0.pfb></home/felipe/.miktex/texmfs/install/fonts/type1/public/amsfonts/cm/cmr10
.pfb></home/felipe/.miktex/texmfs/install/fonts/type1/public/amsfonts/cm/cmsy10
.pfb></home/felipe/.miktex/texmfs/install/fonts/type1/urw/courier/ucrr8a.pfb></
home/felipe/.miktex/texmfs/install/fonts/type1/urw/helvetic/uhvb8a.pfb></home/f
elipe/.miktex/texmfs/install/fonts/type1/urw/helvetic/uhvr8a.pfb></home/felipe/
.miktex/texmfs/install/fonts/type1/urw/symbol/usyr.pfb></home/felipe/.miktex/te
xmfs/install/fonts/type1/urw/times/utmb8a.pfb></home/felipe/.miktex/texmfs/inst
all/fonts/type1/urw/times/utmr8a.pfb></home/felipe/.miktex/texmfs/install/fonts
/type1/urw/times/utmri8a.pfb>
Output written on registro.pdf (5 pages, 577884 bytes).
PDF statistics:
 75 PDF objects out of 1000 (max. 8388607)
 0 named destinations out of 1000 (max. 500000)
 16 words of extra memory for PDF output out of 10000 (max. 10000000)

